<?xml version="1.0" encoding="UTF-8"?>
<!-- Generated by org.testng.reporters.JUnitReportReporter -->
<testsuite skipped="0" hostname="DESKTOP-TM1DNGB" name="Ruff.Vinay" tests="1" failures="0" timestamp="2019-11-04T09:01:41 IST" time="0.024" errors="0">
  <testcase name="setup" time="0.024" classname="Ruff.Vinay"/>
</testsuite> <!-- Ruff.Vinay -->
